<?xml version="1.0" encoding="UTF-8"?>
<!-- Generated by org.testng.reporters.JUnitReportReporter -->
<testsuite skipped="0" hostname="DESKTOP-R2I8UBR" name="com.perscholas.testng_project.SimpleClassTests01" tests="2" failures="0" timestamp="2019-12-10T17:15:38 CST" time="0.012" errors="0">
  <testcase name="returnFalse" time="0.008" classname="com.perscholas.testng_project.SimpleClassTests01"/>
  <testcase name="returnTrue" time="0.004" classname="com.perscholas.testng_project.SimpleClassTests01"/>
</testsuite> <!-- com.perscholas.testng_project.SimpleClassTests01 -->
