<?xml version="1.0" encoding="UTF-8"?>
<!-- Generated by org.testng.reporters.JUnitReportReporter -->
<testsuite skipped="0" hostname="DESKTOP-R2I8UBR" name="com.perscholas.testng_project.runners.PerScholasLocationInfoRunner" tests="1" failures="0" timestamp="2019-12-10T20:37:29 CST" time="8.101" errors="0">
  <testcase name="feature" time="8.101" classname="com.perscholas.testng_project.runners.PerScholasLocationInfoRunner"/>
</testsuite> <!-- com.perscholas.testng_project.runners.PerScholasLocationInfoRunner -->
