<?xml version="1.0" encoding="UTF-8"?>
<!-- Generated by org.testng.reporters.JUnitReportReporter -->
<testsuite skipped="0" hostname="DESKTOP-R2I8UBR" name="com.perscholas.testng_project.SimpleClassTests" tests="1" failures="0" timestamp="2019-12-10T14:10:42 CST" time="0.012" errors="0">
  <testcase name="returnTrue" time="0.012" classname="com.perscholas.testng_project.SimpleClassTests"/>
</testsuite> <!-- com.perscholas.testng_project.SimpleClassTests -->
