<?xml version="1.0" encoding="UTF-8"?>
<!-- Generated by org.testng.reporters.JUnitReportReporter -->
<testsuite skipped="0" hostname="DESKTOP-R2I8UBR" name="com.perscholas.testng_project.SimpleClassTests02" tests="2" failures="0" timestamp="2019-12-10T17:15:38 CST" time="0.015" errors="0">
  <testcase name="returnMap" time="0.005" classname="com.perscholas.testng_project.SimpleClassTests02"/>
  <testcase name="returnList" time="0.010" classname="com.perscholas.testng_project.SimpleClassTests02"/>
</testsuite> <!-- com.perscholas.testng_project.SimpleClassTests02 -->
